<?xml version="1.0" encoding="UTF-8"?>
<!-- Generated by org.testng.reporters.JUnitReportReporter -->
<testsuite hostname="DESKTOP-L2ULBFR" failures="0" tests="1" name="DataDrivenTesing2.DataDrivenLogin" time="2.130" errors="0" timestamp="2025-05-07T14:13:35 IST" skipped="0">
  <testcase classname="DataDrivenTesing2.DataDrivenLogin" name="Reg" time="2.130"/>
</testsuite> <!-- DataDrivenTesing2.DataDrivenLogin -->
