<?xml version="1.0" encoding="UTF-8"?>
<!-- Generated by org.testng.reporters.JUnitReportReporter -->
<testsuite hostname="DESKTOP-L2ULBFR" failures="0" tests="1" name="AccountRegistration.TC05_AddCart" time="6.122" errors="0" timestamp="2025-05-24T15:53:28 IST" skipped="0">
  <testcase classname="AccountRegistration.TC05_AddCart" name="AddCartTest" time="6.122"/>
</testsuite> <!-- AccountRegistration.TC05_AddCart -->
