<?xml version="1.0" encoding="UTF-8"?>
<!-- Generated by org.testng.reporters.JUnitReportReporter -->
<testsuite hostname="DESKTOP-L2ULBFR" failures="0" tests="1" name="OrangeHrmPOM.LoginTest" time="0.588" errors="0" timestamp="2025-03-19T15:05:37 IST" skipped="0">
  <testcase classname="OrangeHrmPOM.LoginTest" name="testLogin" time="0.588"/>
</testsuite> <!-- OrangeHrmPOM.LoginTest -->
