<?xml version="1.0" encoding="UTF-8"?>
<!-- Generated by org.testng.reporters.JUnitReportReporter -->
<testsuite hostname="DESKTOP-L2ULBFR" failures="0" tests="1" name="AccountRegistration.TC04_Flipkart" time="6.894" errors="0" timestamp="2025-05-28T08:47:43 IST" skipped="0">
  <testcase classname="AccountRegistration.TC04_Flipkart" name="flipkartTest" time="6.894"/>
</testsuite> <!-- AccountRegistration.TC04_Flipkart -->
