<?xml version="1.0" encoding="UTF-8"?>
<!-- Generated by org.testng.reporters.JUnitReportReporter -->
<testsuite hostname="DESKTOP-L2ULBFR" failures="0" tests="1" name="Test" time="0.010" errors="0" timestamp="2025-03-06T11:49:20 IST" skipped="0">
  <testcase classname="Test" name="get" time="0.010"/>
</testsuite> <!-- Test -->
