<?xml version="1.0" encoding="UTF-8"?>
<!-- Generated by org.testng.reporters.JUnitReportReporter -->
<testsuite hostname="DESKTOP-L2ULBFR" failures="0" tests="2" name="dataproviders.Reg" time="19.678" errors="0" timestamp="2025-03-11T13:29:45 IST" skipped="0">
  <testcase classname="dataproviders.Reg" name="register" time="10.868"/>
  <testcase classname="dataproviders.Reg" name="register" time="8.810"/>
</testsuite> <!-- dataproviders.Reg -->
