<?xml version="1.0" encoding="UTF-8"?>
<!-- Generated by org.testng.reporters.JUnitReportReporter -->
<testsuite hostname="DESKTOP-L2ULBFR" failures="0" tests="1" name="AccountRegistration.TCO2_Tables" time="14.420" errors="0" timestamp="2025-05-22T12:04:07 IST" skipped="0">
  <testcase classname="AccountRegistration.TCO2_Tables" name="tablePagination" time="14.420"/>
</testsuite> <!-- AccountRegistration.TCO2_Tables -->
