<?xml version="1.0" encoding="UTF-8"?>
<!-- Generated by org.testng.reporters.JUnitReportReporter -->
<testsuite hostname="DESKTOP-L2ULBFR" failures="0" tests="1" name="Screenshot" time="2.833" errors="0" timestamp="2025-03-06T12:08:16 IST" skipped="0">
  <testcase classname="Screenshot" name="screenshot" time="2.833"/>
</testsuite> <!-- Screenshot -->
