<?xml version="1.0" encoding="UTF-8"?>
<!-- Generated by org.testng.reporters.JUnitReportReporter -->
<testsuite hostname="DESKTOP-L2ULBFR" failures="0" tests="1" name="AccountRegistration.SearchResultTest" time="9.131" errors="0" timestamp="2025-05-24T12:58:43 IST" skipped="0">
  <testcase classname="AccountRegistration.SearchResultTest" name="searchResult" time="9.131"/>
</testsuite> <!-- AccountRegistration.SearchResultTest -->
