<?xml version="1.0" encoding="UTF-8"?>
<!-- Generated by org.testng.reporters.JUnitReportReporter -->
<testsuite hostname="DESKTOP-L2ULBFR" failures="0" tests="1" name="AccountRegistration.TC03_DatePickers" time="13.830" errors="0" timestamp="2025-05-22T19:13:36 IST" skipped="0">
  <testcase classname="AccountRegistration.TC03_DatePickers" name="datePicker" time="13.830"/>
</testsuite> <!-- AccountRegistration.TC03_DatePickers -->
