<?xml version="1.0" encoding="UTF-8"?>
<!-- Generated by org.testng.reporters.JUnitReportReporter -->
<testsuite hostname="DESKTOP-L2ULBFR" failures="0" tests="1" name="windowHandles.Frames" time="17.414" errors="0" timestamp="2025-04-08T16:05:35 IST" skipped="0">
  <testcase classname="windowHandles.Frames" name="ifram" time="17.414"/>
</testsuite> <!-- windowHandles.Frames -->
