<?xml version="1.0" encoding="UTF-8"?>
<!-- Generated by org.testng.reporters.JUnitReportReporter -->
<testsuite hostname="DESKTOP-L2ULBFR" failures="0" tests="1" name="DragAndDrop" time="3.758" errors="0" timestamp="2025-05-16T13:16:37 IST" skipped="0">
  <testcase classname="DragAndDrop" name="dragAndDrop" time="3.758"/>
</testsuite> <!-- DragAndDrop -->
