<?xml version="1.0" encoding="UTF-8"?>
<!-- Generated by org.testng.reporters.JUnitReportReporter -->
<testsuite hostname="DESKTOP-L2ULBFR" failures="0" tests="2" name="AccountRegistration.TC01_Registration" time="9.482" errors="0" timestamp="2025-05-21T17:24:04 IST" skipped="0">
  <testcase classname="AccountRegistration.TC01_Registration" name="account_registration" time="4.699"/>
  <testcase classname="AccountRegistration.TC01_Registration" name="account_registration" time="4.783"/>
</testsuite> <!-- AccountRegistration.TC01_Registration -->
