<?xml version="1.0" encoding="UTF-8"?>
<!-- Generated by org.testng.reporters.JUnitReportReporter -->
<testsuite hostname="DESKTOP-L2ULBFR" failures="0" tests="1" name="windowHandles.WindowHandle" time="61.729" errors="0" timestamp="2025-06-06T14:28:16 IST" skipped="0">
  <testcase classname="windowHandles.WindowHandle" name="handlingWindow" time="61.729"/>
</testsuite> <!-- windowHandles.WindowHandle -->
